[2026-07-02T18:10:57.820+0000] {manager.py:470} INFO - Processing files using up to 2 processes at a time 
[2026-07-02T18:10:57.825+0000] {manager.py:471} INFO - Process each file at most once every 30 seconds
[2026-07-02T18:10:57.828+0000] {manager.py:472} INFO - Checking for new files in /opt/airflow/dags every 300 seconds
[2026-07-02T18:10:57.831+0000] {manager.py:737} INFO - Searching for files in /opt/airflow/dags
[2026-07-02T18:10:57.838+0000] {manager.py:740} INFO - There are 0 files in /opt/airflow/dags
[2026-07-02T18:15:58.525+0000] {manager.py:737} INFO - Searching for files in /opt/airflow/dags
[2026-07-02T18:15:58.557+0000] {manager.py:740} INFO - There are 0 files in /opt/airflow/dags
[2026-07-02T18:20:59.215+0000] {manager.py:737} INFO - Searching for files in /opt/airflow/dags
[2026-07-02T18:20:59.233+0000] {manager.py:740} INFO - There are 0 files in /opt/airflow/dags
[2026-07-02T18:25:59.998+0000] {manager.py:737} INFO - Searching for files in /opt/airflow/dags
[2026-07-02T18:26:00.031+0000] {manager.py:740} INFO - There are 0 files in /opt/airflow/dags
[2026-07-02T18:31:00.760+0000] {manager.py:737} INFO - Searching for files in /opt/airflow/dags
[2026-07-02T18:31:00.793+0000] {manager.py:740} INFO - There are 0 files in /opt/airflow/dags
[2026-07-02T18:36:01.545+0000] {manager.py:737} INFO - Searching for files in /opt/airflow/dags
[2026-07-02T18:36:01.588+0000] {manager.py:740} INFO - There are 0 files in /opt/airflow/dags
[2026-07-02T18:41:02.448+0000] {manager.py:737} INFO - Searching for files in /opt/airflow/dags
[2026-07-02T18:41:02.475+0000] {manager.py:740} INFO - There are 0 files in /opt/airflow/dags
[2026-07-02T18:46:03.375+0000] {manager.py:737} INFO - Searching for files in /opt/airflow/dags
[2026-07-02T18:46:03.405+0000] {manager.py:740} INFO - There are 0 files in /opt/airflow/dags
[2026-07-02T18:51:04.149+0000] {manager.py:737} INFO - Searching for files in /opt/airflow/dags
[2026-07-02T18:51:04.176+0000] {manager.py:740} INFO - There are 0 files in /opt/airflow/dags
[2026-07-02T18:56:04.854+0000] {manager.py:737} INFO - Searching for files in /opt/airflow/dags
[2026-07-02T18:56:04.887+0000] {manager.py:740} INFO - There are 0 files in /opt/airflow/dags
[2026-07-02T19:01:05.722+0000] {manager.py:737} INFO - Searching for files in /opt/airflow/dags
[2026-07-02T19:01:05.764+0000] {manager.py:740} INFO - There are 0 files in /opt/airflow/dags
[2026-07-02T19:06:06.470+0000] {manager.py:737} INFO - Searching for files in /opt/airflow/dags
[2026-07-02T19:06:06.503+0000] {manager.py:740} INFO - There are 0 files in /opt/airflow/dags
[2026-07-02T19:11:07.253+0000] {manager.py:737} INFO - Searching for files in /opt/airflow/dags
[2026-07-02T19:11:07.287+0000] {manager.py:740} INFO - There are 0 files in /opt/airflow/dags
[2026-07-02T19:16:08.010+0000] {manager.py:737} INFO - Searching for files in /opt/airflow/dags
[2026-07-02T19:16:08.041+0000] {manager.py:740} INFO - There are 0 files in /opt/airflow/dags
[2026-07-02T19:21:08.720+0000] {manager.py:737} INFO - Searching for files in /opt/airflow/dags
[2026-07-02T19:21:08.748+0000] {manager.py:740} INFO - There are 0 files in /opt/airflow/dags
[2026-07-02T19:26:09.454+0000] {manager.py:737} INFO - Searching for files in /opt/airflow/dags
[2026-07-02T19:26:09.481+0000] {manager.py:740} INFO - There are 0 files in /opt/airflow/dags
[2026-07-02T19:30:00.575+0000] {manager.py:470} INFO - Processing files using up to 2 processes at a time 
[2026-07-02T19:30:00.581+0000] {manager.py:471} INFO - Process each file at most once every 30 seconds
[2026-07-02T19:30:00.587+0000] {manager.py:472} INFO - Checking for new files in /opt/airflow/dags every 300 seconds
[2026-07-02T19:30:00.591+0000] {manager.py:737} INFO - Searching for files in /opt/airflow/dags
[2026-07-02T19:30:00.607+0000] {manager.py:740} INFO - There are 0 files in /opt/airflow/dags
[2026-07-02T19:35:01.346+0000] {manager.py:737} INFO - Searching for files in /opt/airflow/dags
[2026-07-02T19:35:01.388+0000] {manager.py:740} INFO - There are 0 files in /opt/airflow/dags
[2026-07-02T19:40:02.079+0000] {manager.py:737} INFO - Searching for files in /opt/airflow/dags
[2026-07-02T19:40:02.105+0000] {manager.py:740} INFO - There are 0 files in /opt/airflow/dags
[2026-07-02T19:58:29.748+0000] {manager.py:737} INFO - Searching for files in /opt/airflow/dags
[2026-07-02T19:58:29.763+0000] {manager.py:740} INFO - There are 0 files in /opt/airflow/dags
[2026-07-02T20:03:30.737+0000] {manager.py:737} INFO - Searching for files in /opt/airflow/dags
[2026-07-02T20:03:30.757+0000] {manager.py:740} INFO - There are 0 files in /opt/airflow/dags
[2026-07-02T20:08:31.515+0000] {manager.py:737} INFO - Searching for files in /opt/airflow/dags
[2026-07-02T20:08:31.545+0000] {manager.py:740} INFO - There are 0 files in /opt/airflow/dags
[2026-07-02T20:13:32.206+0000] {manager.py:737} INFO - Searching for files in /opt/airflow/dags
[2026-07-02T20:13:32.230+0000] {manager.py:740} INFO - There are 0 files in /opt/airflow/dags
[2026-07-02T20:18:32.977+0000] {manager.py:737} INFO - Searching for files in /opt/airflow/dags
[2026-07-02T20:18:33.005+0000] {manager.py:740} INFO - There are 0 files in /opt/airflow/dags
[2026-07-02T20:23:33.646+0000] {manager.py:737} INFO - Searching for files in /opt/airflow/dags
[2026-07-02T20:23:33.721+0000] {manager.py:740} INFO - There are 0 files in /opt/airflow/dags
[2026-07-02T20:28:34.352+0000] {manager.py:737} INFO - Searching for files in /opt/airflow/dags
[2026-07-02T20:28:34.381+0000] {manager.py:740} INFO - There are 0 files in /opt/airflow/dags
[2026-07-02T20:33:35.142+0000] {manager.py:737} INFO - Searching for files in /opt/airflow/dags
[2026-07-02T20:33:35.237+0000] {manager.py:740} INFO - There are 0 files in /opt/airflow/dags
[2026-07-02T20:38:35.906+0000] {manager.py:737} INFO - Searching for files in /opt/airflow/dags
[2026-07-02T20:38:35.940+0000] {manager.py:740} INFO - There are 0 files in /opt/airflow/dags
[2026-07-02T20:43:36.546+0000] {manager.py:737} INFO - Searching for files in /opt/airflow/dags
[2026-07-02T20:43:36.581+0000] {manager.py:740} INFO - There are 0 files in /opt/airflow/dags
[2026-07-02T22:04:28.576+0000] {manager.py:737} INFO - Searching for files in /opt/airflow/dags
[2026-07-02T22:04:28.594+0000] {manager.py:740} INFO - There are 0 files in /opt/airflow/dags
[2026-07-03T09:59:36.457+0000] {manager.py:737} INFO - Searching for files in /opt/airflow/dags
[2026-07-03T09:59:36.752+0000] {manager.py:740} INFO - There are 0 files in /opt/airflow/dags
[2026-07-03T10:04:37.152+0000] {manager.py:737} INFO - Searching for files in /opt/airflow/dags
[2026-07-03T10:04:37.212+0000] {manager.py:740} INFO - There are 0 files in /opt/airflow/dags
[2026-07-03T10:09:37.727+0000] {manager.py:737} INFO - Searching for files in /opt/airflow/dags
[2026-07-03T10:09:37.756+0000] {manager.py:740} INFO - There are 0 files in /opt/airflow/dags
[2026-07-03T10:14:38.380+0000] {manager.py:737} INFO - Searching for files in /opt/airflow/dags
[2026-07-03T10:14:38.406+0000] {manager.py:740} INFO - There are 0 files in /opt/airflow/dags
[2026-07-03T16:27:19.396+0000] {manager.py:737} INFO - Searching for files in /opt/airflow/dags
[2026-07-03T16:27:19.519+0000] {manager.py:740} INFO - There are 0 files in /opt/airflow/dags
[2026-07-03T16:32:19.763+0000] {manager.py:737} INFO - Searching for files in /opt/airflow/dags
[2026-07-03T16:32:19.870+0000] {manager.py:740} INFO - There are 0 files in /opt/airflow/dags
[2026-07-03T16:37:20.143+0000] {manager.py:737} INFO - Searching for files in /opt/airflow/dags
[2026-07-03T16:37:20.203+0000] {manager.py:740} INFO - There are 0 files in /opt/airflow/dags
[2026-07-03T16:42:20.441+0000] {manager.py:737} INFO - Searching for files in /opt/airflow/dags
[2026-07-03T16:42:20.511+0000] {manager.py:740} INFO - There are 0 files in /opt/airflow/dags
[2026-07-03T16:47:20.993+0000] {manager.py:737} INFO - Searching for files in /opt/airflow/dags
[2026-07-03T16:47:21.091+0000] {manager.py:740} INFO - There are 0 files in /opt/airflow/dags
[2026-07-03T16:57:38.954+0000] {manager.py:737} INFO - Searching for files in /opt/airflow/dags
[2026-07-03T16:57:39.053+0000] {manager.py:740} INFO - There are 0 files in /opt/airflow/dags
[2026-07-03T17:04:30.165+0000] {manager.py:737} INFO - Searching for files in /opt/airflow/dags
[2026-07-03T17:04:30.248+0000] {manager.py:740} INFO - There are 0 files in /opt/airflow/dags
[2026-07-03T17:09:30.649+0000] {manager.py:737} INFO - Searching for files in /opt/airflow/dags
[2026-07-03T17:09:30.738+0000] {manager.py:740} INFO - There are 0 files in /opt/airflow/dags
[2026-07-03T17:14:31.425+0000] {manager.py:737} INFO - Searching for files in /opt/airflow/dags
[2026-07-03T17:14:31.523+0000] {manager.py:740} INFO - There are 0 files in /opt/airflow/dags
[2026-07-03T17:19:32.334+0000] {manager.py:737} INFO - Searching for files in /opt/airflow/dags
[2026-07-03T17:19:32.363+0000] {manager.py:740} INFO - There are 0 files in /opt/airflow/dags
[2026-07-03T17:24:33.109+0000] {manager.py:737} INFO - Searching for files in /opt/airflow/dags
[2026-07-03T17:24:33.127+0000] {manager.py:740} INFO - There are 0 files in /opt/airflow/dags
[2026-07-03T17:43:50.952+0000] {manager.py:737} INFO - Searching for files in /opt/airflow/dags
[2026-07-03T17:43:51.023+0000] {manager.py:740} INFO - There are 0 files in /opt/airflow/dags
[2026-07-03T17:48:51.858+0000] {manager.py:737} INFO - Searching for files in /opt/airflow/dags
[2026-07-03T17:48:51.881+0000] {manager.py:740} INFO - There are 0 files in /opt/airflow/dags
[2026-07-03T18:01:45.036+0000] {manager.py:737} INFO - Searching for files in /opt/airflow/dags
[2026-07-03T18:01:45.058+0000] {manager.py:740} INFO - There are 0 files in /opt/airflow/dags
[2026-07-03T18:06:48.755+0000] {manager.py:737} INFO - Searching for files in /opt/airflow/dags
[2026-07-03T18:06:49.282+0000] {manager.py:740} INFO - There are 0 files in /opt/airflow/dags
[2026-07-03T18:11:46.528+0000] {manager.py:737} INFO - Searching for files in /opt/airflow/dags
[2026-07-03T18:11:46.631+0000] {manager.py:740} INFO - There are 0 files in /opt/airflow/dags
[2026-07-03T18:16:47.517+0000] {manager.py:737} INFO - Searching for files in /opt/airflow/dags
[2026-07-03T18:16:47.542+0000] {manager.py:740} INFO - There are 0 files in /opt/airflow/dags
[2026-07-03T18:21:47.775+0000] {manager.py:737} INFO - Searching for files in /opt/airflow/dags
[2026-07-03T18:21:47.899+0000] {manager.py:740} INFO - There are 1 files in /opt/airflow/dags
[2026-07-03T18:22:08.514+0000] {manager.py:878} INFO - 
================================================================================
DAG File Processing Stats

File Path                                  PID  Runtime      # DAGs    # Errors  Last Runtime    Last Run
---------------------------------------  -----  ---------  --------  ----------  --------------  ----------
/opt/airflow/dags/minio_to_snowflake.py     26  19.47s            0           0
================================================================================
[2026-07-03T18:22:38.738+0000] {manager.py:878} INFO - 
================================================================================
DAG File Processing Stats

File Path                                PID    Runtime      # DAGs    # Errors  Last Runtime    Last Run
---------------------------------------  -----  ---------  --------  ----------  --------------  -------------------
/opt/airflow/dags/minio_to_snowflake.py                           1           0  26.65s          2026-07-03T18:22:15
================================================================================
[2026-07-03T18:23:08.763+0000] {manager.py:878} INFO - 
================================================================================
DAG File Processing Stats

File Path                                PID    Runtime      # DAGs    # Errors  Last Runtime    Last Run
---------------------------------------  -----  ---------  --------  ----------  --------------  -------------------
/opt/airflow/dags/minio_to_snowflake.py                           1           0  2.22s           2026-07-03T18:22:59
================================================================================
[2026-07-03T18:23:38.905+0000] {manager.py:878} INFO - 
================================================================================
DAG File Processing Stats

File Path                                PID    Runtime      # DAGs    # Errors  Last Runtime    Last Run
---------------------------------------  -----  ---------  --------  ----------  --------------  -------------------
/opt/airflow/dags/minio_to_snowflake.py                           1           0  1.76s           2026-07-03T18:23:36
================================================================================
[2026-07-03T18:24:08.296+0000] {manager.py:878} INFO - 
================================================================================
DAG File Processing Stats

File Path                                  PID  Runtime      # DAGs    # Errors  Last Runtime    Last Run
---------------------------------------  -----  ---------  --------  ----------  --------------  -------------------
/opt/airflow/dags/minio_to_snowflake.py     41  0.19s             1           0  1.76s           2026-07-03T18:23:36
================================================================================
[2026-07-03T18:24:40.427+0000] {manager.py:878} INFO - 
================================================================================
DAG File Processing Stats

File Path                                PID    Runtime      # DAGs    # Errors  Last Runtime    Last Run
---------------------------------------  -----  ---------  --------  ----------  --------------  -------------------
/opt/airflow/dags/minio_to_snowflake.py                           1           0  7.57s           2026-07-03T18:24:15
================================================================================
[2026-07-03T18:25:10.740+0000] {manager.py:878} INFO - 
================================================================================
DAG File Processing Stats

File Path                                PID    Runtime      # DAGs    # Errors  Last Runtime    Last Run
---------------------------------------  -----  ---------  --------  ----------  --------------  -------------------
/opt/airflow/dags/minio_to_snowflake.py                           1           0  5.42s           2026-07-03T18:24:51
================================================================================
[2026-07-03T18:25:41.020+0000] {manager.py:878} INFO - 
================================================================================
DAG File Processing Stats

File Path                                PID    Runtime      # DAGs    # Errors  Last Runtime    Last Run
---------------------------------------  -----  ---------  --------  ----------  --------------  -------------------
/opt/airflow/dags/minio_to_snowflake.py                           1           0  2.44s           2026-07-03T18:25:24
================================================================================
[2026-07-03T18:26:11.137+0000] {manager.py:878} INFO - 
================================================================================
DAG File Processing Stats

File Path                                PID    Runtime      # DAGs    # Errors  Last Runtime    Last Run
---------------------------------------  -----  ---------  --------  ----------  --------------  -------------------
/opt/airflow/dags/minio_to_snowflake.py                           1           0  4.71s           2026-07-03T18:26:01
================================================================================
[2026-07-03T18:26:41.965+0000] {manager.py:878} INFO - 
================================================================================
DAG File Processing Stats

File Path                                PID    Runtime      # DAGs    # Errors  Last Runtime    Last Run
---------------------------------------  -----  ---------  --------  ----------  --------------  -------------------
/opt/airflow/dags/minio_to_snowflake.py                           1           0  1.76s           2026-07-03T18:26:33
================================================================================
[2026-07-03T18:26:48.013+0000] {manager.py:737} INFO - Searching for files in /opt/airflow/dags
[2026-07-03T18:26:48.051+0000] {manager.py:740} INFO - There are 1 files in /opt/airflow/dags
[2026-07-03T18:27:12.380+0000] {manager.py:878} INFO - 
================================================================================
DAG File Processing Stats

File Path                                PID    Runtime      # DAGs    # Errors  Last Runtime    Last Run
---------------------------------------  -----  ---------  --------  ----------  --------------  -------------------
/opt/airflow/dags/minio_to_snowflake.py                           1           0  1.45s           2026-07-03T18:27:04
================================================================================
[2026-07-03T18:27:42.598+0000] {manager.py:878} INFO - 
================================================================================
DAG File Processing Stats

File Path                                PID    Runtime      # DAGs    # Errors  Last Runtime    Last Run
---------------------------------------  -----  ---------  --------  ----------  --------------  -------------------
/opt/airflow/dags/minio_to_snowflake.py                           1           0  1.65s           2026-07-03T18:27:36
================================================================================
[2026-07-03T18:28:12.681+0000] {manager.py:878} INFO - 
================================================================================
DAG File Processing Stats

File Path                                PID    Runtime      # DAGs    # Errors  Last Runtime    Last Run
---------------------------------------  -----  ---------  --------  ----------  --------------  -------------------
/opt/airflow/dags/minio_to_snowflake.py                           1           0  1.80s           2026-07-03T18:28:08
================================================================================
[2026-07-03T18:28:43.001+0000] {manager.py:878} INFO - 
================================================================================
DAG File Processing Stats

File Path                                PID    Runtime      # DAGs    # Errors  Last Runtime    Last Run
---------------------------------------  -----  ---------  --------  ----------  --------------  -------------------
/opt/airflow/dags/minio_to_snowflake.py                           1           0  2.23s           2026-07-03T18:28:41
================================================================================
[2026-07-03T18:29:13.395+0000] {manager.py:878} INFO - 
================================================================================
DAG File Processing Stats

File Path                                PID    Runtime      # DAGs    # Errors  Last Runtime    Last Run
---------------------------------------  -----  ---------  --------  ----------  --------------  -------------------
/opt/airflow/dags/minio_to_snowflake.py                           1           0  1.43s           2026-07-03T18:29:12
================================================================================
[2026-07-03T18:29:43.610+0000] {manager.py:878} INFO - 
================================================================================
DAG File Processing Stats

File Path                                  PID  Runtime      # DAGs    # Errors  Last Runtime    Last Run
---------------------------------------  -----  ---------  --------  ----------  --------------  -------------------
/opt/airflow/dags/minio_to_snowflake.py     71  0.76s             1           0  1.43s           2026-07-03T18:29:12
================================================================================
[2026-07-03T18:30:14.082+0000] {manager.py:878} INFO - 
================================================================================
DAG File Processing Stats

File Path                                PID    Runtime      # DAGs    # Errors  Last Runtime    Last Run
---------------------------------------  -----  ---------  --------  ----------  --------------  -------------------
/opt/airflow/dags/minio_to_snowflake.py                           1           0  1.39s           2026-07-03T18:29:44
================================================================================
[2026-07-03T18:30:44.206+0000] {manager.py:878} INFO - 
================================================================================
DAG File Processing Stats

File Path                                PID    Runtime      # DAGs    # Errors  Last Runtime    Last Run
---------------------------------------  -----  ---------  --------  ----------  --------------  -------------------
/opt/airflow/dags/minio_to_snowflake.py                           1           0  4.58s           2026-07-03T18:30:19
================================================================================
[2026-07-03T18:31:14.917+0000] {manager.py:878} INFO - 
================================================================================
DAG File Processing Stats

File Path                                PID    Runtime      # DAGs    # Errors  Last Runtime    Last Run
---------------------------------------  -----  ---------  --------  ----------  --------------  -------------------
/opt/airflow/dags/minio_to_snowflake.py                           1           0  4.63s           2026-07-03T18:30:53
================================================================================
[2026-07-03T18:31:45.354+0000] {manager.py:878} INFO - 
================================================================================
DAG File Processing Stats

File Path                                PID    Runtime      # DAGs    # Errors  Last Runtime    Last Run
---------------------------------------  -----  ---------  --------  ----------  --------------  -------------------
/opt/airflow/dags/minio_to_snowflake.py                           1           0  2.77s           2026-07-03T18:31:27
================================================================================
[2026-07-03T18:31:48.374+0000] {manager.py:737} INFO - Searching for files in /opt/airflow/dags
[2026-07-03T18:31:48.432+0000] {manager.py:740} INFO - There are 1 files in /opt/airflow/dags
[2026-07-03T18:32:15.654+0000] {manager.py:878} INFO - 
================================================================================
DAG File Processing Stats

File Path                                PID    Runtime      # DAGs    # Errors  Last Runtime    Last Run
---------------------------------------  -----  ---------  --------  ----------  --------------  -------------------
/opt/airflow/dags/minio_to_snowflake.py                           1           0  1.87s           2026-07-03T18:31:59
================================================================================
[2026-07-03T18:32:46.361+0000] {manager.py:878} INFO - 
================================================================================
DAG File Processing Stats

File Path                                PID    Runtime      # DAGs    # Errors  Last Runtime    Last Run
---------------------------------------  -----  ---------  --------  ----------  --------------  -------------------
/opt/airflow/dags/minio_to_snowflake.py                           1           0  2.06s           2026-07-03T18:32:32
================================================================================
[2026-07-03T18:33:16.948+0000] {manager.py:878} INFO - 
================================================================================
DAG File Processing Stats

File Path                                PID    Runtime      # DAGs    # Errors  Last Runtime    Last Run
---------------------------------------  -----  ---------  --------  ----------  --------------  -------------------
/opt/airflow/dags/minio_to_snowflake.py                           1           0  7.14s           2026-07-03T18:33:09
================================================================================
[2026-07-03T18:33:47.258+0000] {manager.py:878} INFO - 
================================================================================
DAG File Processing Stats

File Path                                PID    Runtime      # DAGs    # Errors  Last Runtime    Last Run
---------------------------------------  -----  ---------  --------  ----------  --------------  -------------------
/opt/airflow/dags/minio_to_snowflake.py                           1           0  1.90s           2026-07-03T18:33:42
================================================================================
