[2026-07-03T18:21:49.839+0000] {processor.py:161} INFO - Started process (PID=26) to work on /opt/airflow/dags/minio_to_snowflake.py
[2026-07-03T18:21:49.893+0000] {processor.py:830} INFO - Processing file /opt/airflow/dags/minio_to_snowflake.py for tasks to queue
[2026-07-03T18:21:50.055+0000] {logging_mixin.py:188} INFO - [2026-07-03T18:21:50.026+0000] {dagbag.py:545} INFO - Filling up the DagBag from /opt/airflow/dags/minio_to_snowflake.py
[2026-07-03T18:22:14.422+0000] {processor.py:840} INFO - DAG(s) 'minio_to_snowflake' retrieved from /opt/airflow/dags/minio_to_snowflake.py
[2026-07-03T18:22:15.412+0000] {logging_mixin.py:188} INFO - [2026-07-03T18:22:15.411+0000] {override.py:1858} INFO - Created Permission View: can edit on DAG:minio_to_snowflake
[2026-07-03T18:22:15.436+0000] {logging_mixin.py:188} INFO - [2026-07-03T18:22:15.436+0000] {override.py:1858} INFO - Created Permission View: can delete on DAG:minio_to_snowflake
[2026-07-03T18:22:15.450+0000] {logging_mixin.py:188} INFO - [2026-07-03T18:22:15.449+0000] {override.py:1858} INFO - Created Permission View: can read on DAG:minio_to_snowflake
[2026-07-03T18:22:15.453+0000] {logging_mixin.py:188} INFO - [2026-07-03T18:22:15.452+0000] {dag.py:3089} INFO - Sync 1 DAGs
[2026-07-03T18:22:15.492+0000] {logging_mixin.py:188} INFO - [2026-07-03T18:22:15.491+0000] {dag.py:3111} INFO - Creating ORM DAG for minio_to_snowflake
[2026-07-03T18:22:15.578+0000] {logging_mixin.py:188} INFO - [2026-07-03T18:22:15.577+0000] {dag.py:3947} INFO - Setting next_dagrun for minio_to_snowflake to 2026-07-03 18:21:00+00:00, run_after=2026-07-03 18:22:00+00:00
[2026-07-03T18:22:15.635+0000] {processor.py:183} INFO - Processing /opt/airflow/dags/minio_to_snowflake.py took 26.214 seconds
[2026-07-03T18:22:45.853+0000] {processor.py:161} INFO - Started process (PID=29) to work on /opt/airflow/dags/minio_to_snowflake.py
[2026-07-03T18:22:45.857+0000] {processor.py:830} INFO - Processing file /opt/airflow/dags/minio_to_snowflake.py for tasks to queue
[2026-07-03T18:22:45.862+0000] {logging_mixin.py:188} INFO - [2026-07-03T18:22:45.861+0000] {dagbag.py:545} INFO - Filling up the DagBag from /opt/airflow/dags/minio_to_snowflake.py
[2026-07-03T18:22:48.211+0000] {processor.py:840} INFO - DAG(s) 'minio_to_snowflake' retrieved from /opt/airflow/dags/minio_to_snowflake.py
[2026-07-03T18:22:48.333+0000] {logging_mixin.py:188} INFO - [2026-07-03T18:22:48.331+0000] {dag.py:3089} INFO - Sync 1 DAGs
[2026-07-03T18:22:48.421+0000] {logging_mixin.py:188} INFO - [2026-07-03T18:22:48.421+0000] {dag.py:3947} INFO - Setting next_dagrun for minio_to_snowflake to 2026-07-03 18:21:00+00:00, run_after=2026-07-03 18:22:00+00:00
[2026-07-03T18:22:48.465+0000] {processor.py:183} INFO - Processing /opt/airflow/dags/minio_to_snowflake.py took 2.626 seconds
[2026-07-03T18:22:57.714+0000] {processor.py:161} INFO - Started process (PID=32) to work on /opt/airflow/dags/minio_to_snowflake.py
[2026-07-03T18:22:57.717+0000] {processor.py:830} INFO - Processing file /opt/airflow/dags/minio_to_snowflake.py for tasks to queue
[2026-07-03T18:22:57.723+0000] {logging_mixin.py:188} INFO - [2026-07-03T18:22:57.722+0000] {dagbag.py:545} INFO - Filling up the DagBag from /opt/airflow/dags/minio_to_snowflake.py
[2026-07-03T18:22:59.585+0000] {processor.py:840} INFO - DAG(s) 'minio_to_snowflake' retrieved from /opt/airflow/dags/minio_to_snowflake.py
[2026-07-03T18:22:59.675+0000] {logging_mixin.py:188} INFO - [2026-07-03T18:22:59.673+0000] {dag.py:3089} INFO - Sync 1 DAGs
[2026-07-03T18:22:59.779+0000] {logging_mixin.py:188} INFO - [2026-07-03T18:22:59.778+0000] {dag.py:3947} INFO - Setting next_dagrun for minio_to_snowflake to 2026-07-03 18:21:00+00:00, run_after=2026-07-03 18:22:00+00:00
[2026-07-03T18:22:59.851+0000] {processor.py:183} INFO - Processing /opt/airflow/dags/minio_to_snowflake.py took 2.153 seconds
[2026-07-03T18:23:30.047+0000] {processor.py:161} INFO - Started process (PID=35) to work on /opt/airflow/dags/minio_to_snowflake.py
[2026-07-03T18:23:30.049+0000] {processor.py:830} INFO - Processing file /opt/airflow/dags/minio_to_snowflake.py for tasks to queue
[2026-07-03T18:23:30.053+0000] {logging_mixin.py:188} INFO - [2026-07-03T18:23:30.053+0000] {dagbag.py:545} INFO - Filling up the DagBag from /opt/airflow/dags/minio_to_snowflake.py
[2026-07-03T18:23:31.304+0000] {processor.py:840} INFO - DAG(s) 'minio_to_snowflake' retrieved from /opt/airflow/dags/minio_to_snowflake.py
[2026-07-03T18:23:31.377+0000] {logging_mixin.py:188} INFO - [2026-07-03T18:23:31.376+0000] {dag.py:3089} INFO - Sync 1 DAGs
[2026-07-03T18:23:31.483+0000] {logging_mixin.py:188} INFO - [2026-07-03T18:23:31.482+0000] {dag.py:3947} INFO - Setting next_dagrun for minio_to_snowflake to 2026-07-03 18:22:00+00:00, run_after=2026-07-03 18:23:00+00:00
[2026-07-03T18:23:31.527+0000] {processor.py:183} INFO - Processing /opt/airflow/dags/minio_to_snowflake.py took 1.491 seconds
[2026-07-03T18:23:35.225+0000] {processor.py:161} INFO - Started process (PID=38) to work on /opt/airflow/dags/minio_to_snowflake.py
[2026-07-03T18:23:35.228+0000] {processor.py:830} INFO - Processing file /opt/airflow/dags/minio_to_snowflake.py for tasks to queue
[2026-07-03T18:23:35.233+0000] {logging_mixin.py:188} INFO - [2026-07-03T18:23:35.231+0000] {dagbag.py:545} INFO - Filling up the DagBag from /opt/airflow/dags/minio_to_snowflake.py
[2026-07-03T18:23:36.735+0000] {processor.py:840} INFO - DAG(s) 'minio_to_snowflake' retrieved from /opt/airflow/dags/minio_to_snowflake.py
[2026-07-03T18:23:36.792+0000] {logging_mixin.py:188} INFO - [2026-07-03T18:23:36.790+0000] {dag.py:3089} INFO - Sync 1 DAGs
[2026-07-03T18:23:36.839+0000] {logging_mixin.py:188} INFO - [2026-07-03T18:23:36.838+0000] {dag.py:3947} INFO - Setting next_dagrun for minio_to_snowflake to 2026-07-03 18:22:00+00:00, run_after=2026-07-03 18:23:00+00:00
[2026-07-03T18:23:36.870+0000] {processor.py:183} INFO - Processing /opt/airflow/dags/minio_to_snowflake.py took 1.658 seconds
[2026-07-03T18:24:12.816+0000] {processor.py:161} INFO - Started process (PID=41) to work on /opt/airflow/dags/minio_to_snowflake.py
[2026-07-03T18:24:12.818+0000] {processor.py:830} INFO - Processing file /opt/airflow/dags/minio_to_snowflake.py for tasks to queue
[2026-07-03T18:24:12.828+0000] {logging_mixin.py:188} INFO - [2026-07-03T18:24:12.825+0000] {dagbag.py:545} INFO - Filling up the DagBag from /opt/airflow/dags/minio_to_snowflake.py
[2026-07-03T18:24:15.412+0000] {processor.py:840} INFO - DAG(s) 'minio_to_snowflake' retrieved from /opt/airflow/dags/minio_to_snowflake.py
[2026-07-03T18:24:15.524+0000] {logging_mixin.py:188} INFO - [2026-07-03T18:24:15.522+0000] {dag.py:3089} INFO - Sync 1 DAGs
[2026-07-03T18:24:15.620+0000] {logging_mixin.py:188} INFO - [2026-07-03T18:24:15.619+0000] {dag.py:3947} INFO - Setting next_dagrun for minio_to_snowflake to 2026-07-03 18:23:00+00:00, run_after=2026-07-03 18:24:00+00:00
[2026-07-03T18:24:15.651+0000] {processor.py:183} INFO - Processing /opt/airflow/dags/minio_to_snowflake.py took 3.659 seconds
[2026-07-03T18:24:47.062+0000] {processor.py:161} INFO - Started process (PID=44) to work on /opt/airflow/dags/minio_to_snowflake.py
[2026-07-03T18:24:47.070+0000] {processor.py:830} INFO - Processing file /opt/airflow/dags/minio_to_snowflake.py for tasks to queue
[2026-07-03T18:24:47.354+0000] {logging_mixin.py:188} INFO - [2026-07-03T18:24:47.352+0000] {dagbag.py:545} INFO - Filling up the DagBag from /opt/airflow/dags/minio_to_snowflake.py
[2026-07-03T18:24:51.454+0000] {processor.py:840} INFO - DAG(s) 'minio_to_snowflake' retrieved from /opt/airflow/dags/minio_to_snowflake.py
[2026-07-03T18:24:51.520+0000] {logging_mixin.py:188} INFO - [2026-07-03T18:24:51.519+0000] {dag.py:3089} INFO - Sync 1 DAGs
[2026-07-03T18:24:51.558+0000] {logging_mixin.py:188} INFO - [2026-07-03T18:24:51.557+0000] {dag.py:3947} INFO - Setting next_dagrun for minio_to_snowflake to 2026-07-03 18:23:00+00:00, run_after=2026-07-03 18:24:00+00:00
[2026-07-03T18:24:51.593+0000] {processor.py:183} INFO - Processing /opt/airflow/dags/minio_to_snowflake.py took 4.549 seconds
[2026-07-03T18:25:21.743+0000] {processor.py:161} INFO - Started process (PID=47) to work on /opt/airflow/dags/minio_to_snowflake.py
[2026-07-03T18:25:21.746+0000] {processor.py:830} INFO - Processing file /opt/airflow/dags/minio_to_snowflake.py for tasks to queue
[2026-07-03T18:25:21.752+0000] {logging_mixin.py:188} INFO - [2026-07-03T18:25:21.750+0000] {dagbag.py:545} INFO - Filling up the DagBag from /opt/airflow/dags/minio_to_snowflake.py
[2026-07-03T18:25:23.866+0000] {processor.py:840} INFO - DAG(s) 'minio_to_snowflake' retrieved from /opt/airflow/dags/minio_to_snowflake.py
[2026-07-03T18:25:23.992+0000] {logging_mixin.py:188} INFO - [2026-07-03T18:25:23.989+0000] {dag.py:3089} INFO - Sync 1 DAGs
[2026-07-03T18:25:24.054+0000] {logging_mixin.py:188} INFO - [2026-07-03T18:25:24.054+0000] {dag.py:3947} INFO - Setting next_dagrun for minio_to_snowflake to 2026-07-03 18:24:00+00:00, run_after=2026-07-03 18:25:00+00:00
[2026-07-03T18:25:24.096+0000] {processor.py:183} INFO - Processing /opt/airflow/dags/minio_to_snowflake.py took 2.365 seconds
[2026-07-03T18:25:58.720+0000] {processor.py:161} INFO - Started process (PID=50) to work on /opt/airflow/dags/minio_to_snowflake.py
[2026-07-03T18:25:58.731+0000] {processor.py:830} INFO - Processing file /opt/airflow/dags/minio_to_snowflake.py for tasks to queue
[2026-07-03T18:25:58.739+0000] {logging_mixin.py:188} INFO - [2026-07-03T18:25:58.738+0000] {dagbag.py:545} INFO - Filling up the DagBag from /opt/airflow/dags/minio_to_snowflake.py
[2026-07-03T18:26:00.777+0000] {processor.py:840} INFO - DAG(s) 'minio_to_snowflake' retrieved from /opt/airflow/dags/minio_to_snowflake.py
[2026-07-03T18:26:00.865+0000] {logging_mixin.py:188} INFO - [2026-07-03T18:26:00.863+0000] {dag.py:3089} INFO - Sync 1 DAGs
[2026-07-03T18:26:00.943+0000] {logging_mixin.py:188} INFO - [2026-07-03T18:26:00.943+0000] {dag.py:3947} INFO - Setting next_dagrun for minio_to_snowflake to 2026-07-03 18:25:00+00:00, run_after=2026-07-03 18:26:00+00:00
[2026-07-03T18:26:01.006+0000] {processor.py:183} INFO - Processing /opt/airflow/dags/minio_to_snowflake.py took 3.862 seconds
[2026-07-03T18:26:31.356+0000] {processor.py:161} INFO - Started process (PID=53) to work on /opt/airflow/dags/minio_to_snowflake.py
[2026-07-03T18:26:31.361+0000] {processor.py:830} INFO - Processing file /opt/airflow/dags/minio_to_snowflake.py for tasks to queue
[2026-07-03T18:26:31.366+0000] {logging_mixin.py:188} INFO - [2026-07-03T18:26:31.366+0000] {dagbag.py:545} INFO - Filling up the DagBag from /opt/airflow/dags/minio_to_snowflake.py
[2026-07-03T18:26:32.880+0000] {processor.py:840} INFO - DAG(s) 'minio_to_snowflake' retrieved from /opt/airflow/dags/minio_to_snowflake.py
[2026-07-03T18:26:32.941+0000] {logging_mixin.py:188} INFO - [2026-07-03T18:26:32.940+0000] {dag.py:3089} INFO - Sync 1 DAGs
[2026-07-03T18:26:32.990+0000] {logging_mixin.py:188} INFO - [2026-07-03T18:26:32.990+0000] {dag.py:3947} INFO - Setting next_dagrun for minio_to_snowflake to 2026-07-03 18:25:00+00:00, run_after=2026-07-03 18:26:00+00:00
[2026-07-03T18:26:33.025+0000] {processor.py:183} INFO - Processing /opt/airflow/dags/minio_to_snowflake.py took 1.699 seconds
[2026-07-03T18:27:03.352+0000] {processor.py:161} INFO - Started process (PID=56) to work on /opt/airflow/dags/minio_to_snowflake.py
[2026-07-03T18:27:03.354+0000] {processor.py:830} INFO - Processing file /opt/airflow/dags/minio_to_snowflake.py for tasks to queue
[2026-07-03T18:27:03.363+0000] {logging_mixin.py:188} INFO - [2026-07-03T18:27:03.363+0000] {dagbag.py:545} INFO - Filling up the DagBag from /opt/airflow/dags/minio_to_snowflake.py
[2026-07-03T18:27:04.571+0000] {processor.py:840} INFO - DAG(s) 'minio_to_snowflake' retrieved from /opt/airflow/dags/minio_to_snowflake.py
[2026-07-03T18:27:04.608+0000] {logging_mixin.py:188} INFO - [2026-07-03T18:27:04.608+0000] {dag.py:3089} INFO - Sync 1 DAGs
[2026-07-03T18:27:04.640+0000] {logging_mixin.py:188} INFO - [2026-07-03T18:27:04.640+0000] {dag.py:3947} INFO - Setting next_dagrun for minio_to_snowflake to 2026-07-03 18:26:00+00:00, run_after=2026-07-03 18:27:00+00:00
[2026-07-03T18:27:04.668+0000] {processor.py:183} INFO - Processing /opt/airflow/dags/minio_to_snowflake.py took 1.346 seconds
[2026-07-03T18:27:34.965+0000] {processor.py:161} INFO - Started process (PID=59) to work on /opt/airflow/dags/minio_to_snowflake.py
[2026-07-03T18:27:34.980+0000] {processor.py:830} INFO - Processing file /opt/airflow/dags/minio_to_snowflake.py for tasks to queue
[2026-07-03T18:27:34.992+0000] {logging_mixin.py:188} INFO - [2026-07-03T18:27:34.991+0000] {dagbag.py:545} INFO - Filling up the DagBag from /opt/airflow/dags/minio_to_snowflake.py
[2026-07-03T18:27:36.400+0000] {processor.py:840} INFO - DAG(s) 'minio_to_snowflake' retrieved from /opt/airflow/dags/minio_to_snowflake.py
[2026-07-03T18:27:36.449+0000] {logging_mixin.py:188} INFO - [2026-07-03T18:27:36.448+0000] {dag.py:3089} INFO - Sync 1 DAGs
[2026-07-03T18:27:36.485+0000] {logging_mixin.py:188} INFO - [2026-07-03T18:27:36.485+0000] {dag.py:3947} INFO - Setting next_dagrun for minio_to_snowflake to 2026-07-03 18:26:00+00:00, run_after=2026-07-03 18:27:00+00:00
[2026-07-03T18:27:36.526+0000] {processor.py:183} INFO - Processing /opt/airflow/dags/minio_to_snowflake.py took 1.573 seconds
[2026-07-03T18:28:06.958+0000] {processor.py:161} INFO - Started process (PID=62) to work on /opt/airflow/dags/minio_to_snowflake.py
[2026-07-03T18:28:06.960+0000] {processor.py:830} INFO - Processing file /opt/airflow/dags/minio_to_snowflake.py for tasks to queue
[2026-07-03T18:28:06.965+0000] {logging_mixin.py:188} INFO - [2026-07-03T18:28:06.964+0000] {dagbag.py:545} INFO - Filling up the DagBag from /opt/airflow/dags/minio_to_snowflake.py
[2026-07-03T18:28:08.373+0000] {processor.py:840} INFO - DAG(s) 'minio_to_snowflake' retrieved from /opt/airflow/dags/minio_to_snowflake.py
[2026-07-03T18:28:08.487+0000] {logging_mixin.py:188} INFO - [2026-07-03T18:28:08.486+0000] {dag.py:3089} INFO - Sync 1 DAGs
[2026-07-03T18:28:08.580+0000] {logging_mixin.py:188} INFO - [2026-07-03T18:28:08.580+0000] {dag.py:3947} INFO - Setting next_dagrun for minio_to_snowflake to 2026-07-03 18:27:00+00:00, run_after=2026-07-03 18:28:00+00:00
[2026-07-03T18:28:08.625+0000] {processor.py:183} INFO - Processing /opt/airflow/dags/minio_to_snowflake.py took 1.744 seconds
[2026-07-03T18:28:39.024+0000] {processor.py:161} INFO - Started process (PID=65) to work on /opt/airflow/dags/minio_to_snowflake.py
[2026-07-03T18:28:39.036+0000] {processor.py:830} INFO - Processing file /opt/airflow/dags/minio_to_snowflake.py for tasks to queue
[2026-07-03T18:28:39.094+0000] {logging_mixin.py:188} INFO - [2026-07-03T18:28:39.087+0000] {dagbag.py:545} INFO - Filling up the DagBag from /opt/airflow/dags/minio_to_snowflake.py
[2026-07-03T18:28:41.006+0000] {processor.py:840} INFO - DAG(s) 'minio_to_snowflake' retrieved from /opt/airflow/dags/minio_to_snowflake.py
[2026-07-03T18:28:41.070+0000] {logging_mixin.py:188} INFO - [2026-07-03T18:28:41.069+0000] {dag.py:3089} INFO - Sync 1 DAGs
[2026-07-03T18:28:41.109+0000] {logging_mixin.py:188} INFO - [2026-07-03T18:28:41.109+0000] {dag.py:3947} INFO - Setting next_dagrun for minio_to_snowflake to 2026-07-03 18:27:00+00:00, run_after=2026-07-03 18:28:00+00:00
[2026-07-03T18:28:41.142+0000] {processor.py:183} INFO - Processing /opt/airflow/dags/minio_to_snowflake.py took 2.141 seconds
[2026-07-03T18:29:11.265+0000] {processor.py:161} INFO - Started process (PID=68) to work on /opt/airflow/dags/minio_to_snowflake.py
[2026-07-03T18:29:11.268+0000] {processor.py:830} INFO - Processing file /opt/airflow/dags/minio_to_snowflake.py for tasks to queue
[2026-07-03T18:29:11.272+0000] {logging_mixin.py:188} INFO - [2026-07-03T18:29:11.272+0000] {dagbag.py:545} INFO - Filling up the DagBag from /opt/airflow/dags/minio_to_snowflake.py
[2026-07-03T18:29:12.490+0000] {processor.py:840} INFO - DAG(s) 'minio_to_snowflake' retrieved from /opt/airflow/dags/minio_to_snowflake.py
[2026-07-03T18:29:12.540+0000] {logging_mixin.py:188} INFO - [2026-07-03T18:29:12.539+0000] {dag.py:3089} INFO - Sync 1 DAGs
[2026-07-03T18:29:12.583+0000] {logging_mixin.py:188} INFO - [2026-07-03T18:29:12.583+0000] {dag.py:3947} INFO - Setting next_dagrun for minio_to_snowflake to 2026-07-03 18:28:00+00:00, run_after=2026-07-03 18:29:00+00:00
[2026-07-03T18:29:12.634+0000] {processor.py:183} INFO - Processing /opt/airflow/dags/minio_to_snowflake.py took 1.380 seconds
[2026-07-03T18:29:42.889+0000] {processor.py:161} INFO - Started process (PID=71) to work on /opt/airflow/dags/minio_to_snowflake.py
[2026-07-03T18:29:42.892+0000] {processor.py:830} INFO - Processing file /opt/airflow/dags/minio_to_snowflake.py for tasks to queue
[2026-07-03T18:29:42.897+0000] {logging_mixin.py:188} INFO - [2026-07-03T18:29:42.896+0000] {dagbag.py:545} INFO - Filling up the DagBag from /opt/airflow/dags/minio_to_snowflake.py
[2026-07-03T18:29:44.100+0000] {processor.py:840} INFO - DAG(s) 'minio_to_snowflake' retrieved from /opt/airflow/dags/minio_to_snowflake.py
[2026-07-03T18:29:44.146+0000] {logging_mixin.py:188} INFO - [2026-07-03T18:29:44.145+0000] {dag.py:3089} INFO - Sync 1 DAGs
[2026-07-03T18:29:44.180+0000] {logging_mixin.py:188} INFO - [2026-07-03T18:29:44.180+0000] {dag.py:3947} INFO - Setting next_dagrun for minio_to_snowflake to 2026-07-03 18:28:00+00:00, run_after=2026-07-03 18:29:00+00:00
[2026-07-03T18:29:44.217+0000] {processor.py:183} INFO - Processing /opt/airflow/dags/minio_to_snowflake.py took 1.337 seconds
[2026-07-03T18:30:14.521+0000] {processor.py:161} INFO - Started process (PID=74) to work on /opt/airflow/dags/minio_to_snowflake.py
[2026-07-03T18:30:14.524+0000] {processor.py:830} INFO - Processing file /opt/airflow/dags/minio_to_snowflake.py for tasks to queue
[2026-07-03T18:30:14.530+0000] {logging_mixin.py:188} INFO - [2026-07-03T18:30:14.528+0000] {dagbag.py:545} INFO - Filling up the DagBag from /opt/airflow/dags/minio_to_snowflake.py
[2026-07-03T18:30:18.697+0000] {processor.py:840} INFO - DAG(s) 'minio_to_snowflake' retrieved from /opt/airflow/dags/minio_to_snowflake.py
[2026-07-03T18:30:18.862+0000] {logging_mixin.py:188} INFO - [2026-07-03T18:30:18.861+0000] {dag.py:3089} INFO - Sync 1 DAGs
[2026-07-03T18:30:18.970+0000] {logging_mixin.py:188} INFO - [2026-07-03T18:30:18.969+0000] {dag.py:3947} INFO - Setting next_dagrun for minio_to_snowflake to 2026-07-03 18:29:00+00:00, run_after=2026-07-03 18:30:00+00:00
[2026-07-03T18:30:19.023+0000] {processor.py:183} INFO - Processing /opt/airflow/dags/minio_to_snowflake.py took 4.516 seconds
[2026-07-03T18:30:49.498+0000] {processor.py:161} INFO - Started process (PID=77) to work on /opt/airflow/dags/minio_to_snowflake.py
[2026-07-03T18:30:49.530+0000] {processor.py:830} INFO - Processing file /opt/airflow/dags/minio_to_snowflake.py for tasks to queue
[2026-07-03T18:30:49.536+0000] {logging_mixin.py:188} INFO - [2026-07-03T18:30:49.535+0000] {dagbag.py:545} INFO - Filling up the DagBag from /opt/airflow/dags/minio_to_snowflake.py
[2026-07-03T18:30:52.699+0000] {processor.py:840} INFO - DAG(s) 'minio_to_snowflake' retrieved from /opt/airflow/dags/minio_to_snowflake.py
[2026-07-03T18:30:53.798+0000] {logging_mixin.py:188} INFO - [2026-07-03T18:30:53.793+0000] {dag.py:3089} INFO - Sync 1 DAGs
[2026-07-03T18:30:53.888+0000] {logging_mixin.py:188} INFO - [2026-07-03T18:30:53.887+0000] {dag.py:3947} INFO - Setting next_dagrun for minio_to_snowflake to 2026-07-03 18:29:00+00:00, run_after=2026-07-03 18:30:00+00:00
[2026-07-03T18:30:53.933+0000] {processor.py:183} INFO - Processing /opt/airflow/dags/minio_to_snowflake.py took 4.490 seconds
[2026-07-03T18:31:25.918+0000] {processor.py:161} INFO - Started process (PID=80) to work on /opt/airflow/dags/minio_to_snowflake.py
[2026-07-03T18:31:25.923+0000] {processor.py:830} INFO - Processing file /opt/airflow/dags/minio_to_snowflake.py for tasks to queue
[2026-07-03T18:31:25.932+0000] {logging_mixin.py:188} INFO - [2026-07-03T18:31:25.931+0000] {dagbag.py:545} INFO - Filling up the DagBag from /opt/airflow/dags/minio_to_snowflake.py
[2026-07-03T18:31:27.467+0000] {processor.py:840} INFO - DAG(s) 'minio_to_snowflake' retrieved from /opt/airflow/dags/minio_to_snowflake.py
[2026-07-03T18:31:27.564+0000] {logging_mixin.py:188} INFO - [2026-07-03T18:31:27.560+0000] {dag.py:3089} INFO - Sync 1 DAGs
[2026-07-03T18:31:27.725+0000] {logging_mixin.py:188} INFO - [2026-07-03T18:31:27.724+0000] {dag.py:3947} INFO - Setting next_dagrun for minio_to_snowflake to 2026-07-03 18:30:00+00:00, run_after=2026-07-03 18:31:00+00:00
[2026-07-03T18:31:27.826+0000] {processor.py:183} INFO - Processing /opt/airflow/dags/minio_to_snowflake.py took 1.925 seconds
[2026-07-03T18:31:58.164+0000] {processor.py:161} INFO - Started process (PID=83) to work on /opt/airflow/dags/minio_to_snowflake.py
[2026-07-03T18:31:58.168+0000] {processor.py:830} INFO - Processing file /opt/airflow/dags/minio_to_snowflake.py for tasks to queue
[2026-07-03T18:31:58.172+0000] {logging_mixin.py:188} INFO - [2026-07-03T18:31:58.171+0000] {dagbag.py:545} INFO - Filling up the DagBag from /opt/airflow/dags/minio_to_snowflake.py
[2026-07-03T18:31:59.809+0000] {processor.py:840} INFO - DAG(s) 'minio_to_snowflake' retrieved from /opt/airflow/dags/minio_to_snowflake.py
[2026-07-03T18:31:59.849+0000] {logging_mixin.py:188} INFO - [2026-07-03T18:31:59.848+0000] {dag.py:3089} INFO - Sync 1 DAGs
[2026-07-03T18:31:59.897+0000] {logging_mixin.py:188} INFO - [2026-07-03T18:31:59.897+0000] {dag.py:3947} INFO - Setting next_dagrun for minio_to_snowflake to 2026-07-03 18:30:00+00:00, run_after=2026-07-03 18:31:00+00:00
[2026-07-03T18:31:59.933+0000] {processor.py:183} INFO - Processing /opt/airflow/dags/minio_to_snowflake.py took 1.795 seconds
[2026-07-03T18:32:30.321+0000] {processor.py:161} INFO - Started process (PID=86) to work on /opt/airflow/dags/minio_to_snowflake.py
[2026-07-03T18:32:30.325+0000] {processor.py:830} INFO - Processing file /opt/airflow/dags/minio_to_snowflake.py for tasks to queue
[2026-07-03T18:32:30.330+0000] {logging_mixin.py:188} INFO - [2026-07-03T18:32:30.330+0000] {dagbag.py:545} INFO - Filling up the DagBag from /opt/airflow/dags/minio_to_snowflake.py
[2026-07-03T18:32:32.138+0000] {processor.py:840} INFO - DAG(s) 'minio_to_snowflake' retrieved from /opt/airflow/dags/minio_to_snowflake.py
[2026-07-03T18:32:32.185+0000] {logging_mixin.py:188} INFO - [2026-07-03T18:32:32.184+0000] {dag.py:3089} INFO - Sync 1 DAGs
[2026-07-03T18:32:32.222+0000] {logging_mixin.py:188} INFO - [2026-07-03T18:32:32.222+0000] {dag.py:3947} INFO - Setting next_dagrun for minio_to_snowflake to 2026-07-03 18:31:00+00:00, run_after=2026-07-03 18:32:00+00:00
[2026-07-03T18:32:32.265+0000] {processor.py:183} INFO - Processing /opt/airflow/dags/minio_to_snowflake.py took 1.991 seconds
[2026-07-03T18:33:02.809+0000] {processor.py:161} INFO - Started process (PID=89) to work on /opt/airflow/dags/minio_to_snowflake.py
[2026-07-03T18:33:02.811+0000] {processor.py:830} INFO - Processing file /opt/airflow/dags/minio_to_snowflake.py for tasks to queue
[2026-07-03T18:33:02.814+0000] {logging_mixin.py:188} INFO - [2026-07-03T18:33:02.814+0000] {dagbag.py:545} INFO - Filling up the DagBag from /opt/airflow/dags/minio_to_snowflake.py
[2026-07-03T18:33:06.846+0000] {processor.py:840} INFO - DAG(s) 'minio_to_snowflake' retrieved from /opt/airflow/dags/minio_to_snowflake.py
[2026-07-03T18:33:08.337+0000] {logging_mixin.py:188} INFO - [2026-07-03T18:33:08.336+0000] {dag.py:3089} INFO - Sync 1 DAGs
[2026-07-03T18:33:08.621+0000] {logging_mixin.py:188} INFO - [2026-07-03T18:33:08.621+0000] {dag.py:3947} INFO - Setting next_dagrun for minio_to_snowflake to 2026-07-03 18:32:00+00:00, run_after=2026-07-03 18:33:00+00:00
[2026-07-03T18:33:09.630+0000] {processor.py:183} INFO - Processing /opt/airflow/dags/minio_to_snowflake.py took 6.830 seconds
[2026-07-03T18:33:40.365+0000] {processor.py:161} INFO - Started process (PID=92) to work on /opt/airflow/dags/minio_to_snowflake.py
[2026-07-03T18:33:40.368+0000] {processor.py:830} INFO - Processing file /opt/airflow/dags/minio_to_snowflake.py for tasks to queue
[2026-07-03T18:33:40.373+0000] {logging_mixin.py:188} INFO - [2026-07-03T18:33:40.372+0000] {dagbag.py:545} INFO - Filling up the DagBag from /opt/airflow/dags/minio_to_snowflake.py
[2026-07-03T18:33:42.017+0000] {processor.py:840} INFO - DAG(s) 'minio_to_snowflake' retrieved from /opt/airflow/dags/minio_to_snowflake.py
[2026-07-03T18:33:42.078+0000] {logging_mixin.py:188} INFO - [2026-07-03T18:33:42.077+0000] {dag.py:3089} INFO - Sync 1 DAGs
[2026-07-03T18:33:42.127+0000] {logging_mixin.py:188} INFO - [2026-07-03T18:33:42.126+0000] {dag.py:3947} INFO - Setting next_dagrun for minio_to_snowflake to 2026-07-03 18:32:00+00:00, run_after=2026-07-03 18:33:00+00:00
[2026-07-03T18:33:42.190+0000] {processor.py:183} INFO - Processing /opt/airflow/dags/minio_to_snowflake.py took 1.838 seconds
